  main.c
h:\documents\ics3u1\culminating\culminating\main.c(188): warning C4047: 'function': 'char *' differs in levels of indirection from 'char'
h:\documents\ics3u1\culminating\culminating\main.c(188): warning C4024: 'strcpy': different types for formal and actual parameter 1
h:\documents\ics3u1\culminating\culminating\main.c(188): warning C4047: 'function': 'const char *' differs in levels of indirection from 'char'
h:\documents\ics3u1\culminating\culminating\main.c(188): warning C4024: 'strcpy': different types for formal and actual parameter 2
h:\documents\ics3u1\culminating\culminating\main.c(189): warning C4047: 'function': 'char *' differs in levels of indirection from 'char'
h:\documents\ics3u1\culminating\culminating\main.c(189): warning C4024: 'strcpy': different types for formal and actual parameter 1
h:\documents\ics3u1\culminating\culminating\main.c(189): warning C4047: 'function': 'const char *' differs in levels of indirection from 'char'
h:\documents\ics3u1\culminating\culminating\main.c(189): warning C4024: 'strcpy': different types for formal and actual parameter 2
h:\documents\ics3u1\culminating\culminating\main.c(191): warning C4047: 'function': 'char *' differs in levels of indirection from 'char'
h:\documents\ics3u1\culminating\culminating\main.c(191): warning C4024: 'strcpy': different types for formal and actual parameter 1
h:\documents\ics3u1\culminating\culminating\main.c(191): warning C4047: 'function': 'const char *' differs in levels of indirection from 'char'
h:\documents\ics3u1\culminating\culminating\main.c(191): warning C4024: 'strcpy': different types for formal and actual parameter 2
h:\documents\ics3u1\culminating\culminating\main.c(192): warning C4047: 'function': 'char *' differs in levels of indirection from 'char'
h:\documents\ics3u1\culminating\culminating\main.c(192): warning C4024: 'strcpy': different types for formal and actual parameter 1
h:\documents\ics3u1\culminating\culminating\main.c(192): warning C4047: 'function': 'const char *' differs in levels of indirection from 'char'
h:\documents\ics3u1\culminating\culminating\main.c(192): warning C4024: 'strcpy': different types for formal and actual parameter 2
h:\documents\ics3u1\culminating\culminating\main.c(246): warning C4013: 'time' undefined; assuming extern returning int
h:\documents\ics3u1\culminating\culminating\main.c(284): warning C4477: 'scanf' : format string '%d' requires an argument of type 'int *', but variadic argument 1 has type 'int'
h:\documents\ics3u1\culminating\culminating\main.c(284): warning C4477: 'scanf' : format string '%d' requires an argument of type 'int *', but variadic argument 2 has type 'int'
  Culminating.vcxproj -> H:\Documents\ICS3U1\Culminating\x64\Debug\Culminating.exe
  Culminating.vcxproj -> H:\Documents\ICS3U1\Culminating\x64\Debug\Culminating.pdb (Partial PDB)
