  main.c
h:\documents\ics3u1\culminating\culminating\main.c(102): warning C4996: 'fopen': This function or variable may be unsafe. Consider using fopen_s instead. To disable deprecation, use _CRT_SECURE_NO_WARNINGS. See online help for details.
  c:\program files (x86)\windows kits\10\include\10.0.17134.0\ucrt\stdio.h(208): note: see declaration of 'fopen'
h:\documents\ics3u1\culminating\culminating\main.c(111): warning C4996: 'fopen': This function or variable may be unsafe. Consider using fopen_s instead. To disable deprecation, use _CRT_SECURE_NO_WARNINGS. See online help for details.
  c:\program files (x86)\windows kits\10\include\10.0.17134.0\ucrt\stdio.h(208): note: see declaration of 'fopen'
h:\documents\ics3u1\culminating\culminating\main.c(124): warning C4996: 'scanf': This function or variable may be unsafe. Consider using scanf_s instead. To disable deprecation, use _CRT_SECURE_NO_WARNINGS. See online help for details.
  c:\program files (x86)\windows kits\10\include\10.0.17134.0\ucrt\stdio.h(1274): note: see declaration of 'scanf'
h:\documents\ics3u1\culminating\culminating\main.c(129): warning C4996: 'getch': The POSIX name for this item is deprecated. Instead, use the ISO C and C++ conformant name: _getch. See online help for details.
  c:\program files (x86)\windows kits\10\include\10.0.17134.0\ucrt\conio.h(453): note: see declaration of 'getch'
h:\documents\ics3u1\culminating\culminating\main.c(148): warning C4996: 'fopen': This function or variable may be unsafe. Consider using fopen_s instead. To disable deprecation, use _CRT_SECURE_NO_WARNINGS. See online help for details.
  c:\program files (x86)\windows kits\10\include\10.0.17134.0\ucrt\stdio.h(208): note: see declaration of 'fopen'
h:\documents\ics3u1\culminating\culminating\main.c(162): warning C4996: 'getch': The POSIX name for this item is deprecated. Instead, use the ISO C and C++ conformant name: _getch. See online help for details.
  c:\program files (x86)\windows kits\10\include\10.0.17134.0\ucrt\conio.h(453): note: see declaration of 'getch'
h:\documents\ics3u1\culminating\culminating\main.c(174): warning C4996: 'getch': The POSIX name for this item is deprecated. Instead, use the ISO C and C++ conformant name: _getch. See online help for details.
  c:\program files (x86)\windows kits\10\include\10.0.17134.0\ucrt\conio.h(453): note: see declaration of 'getch'
h:\documents\ics3u1\culminating\culminating\main.c(192): warning C4996: 'getch': The POSIX name for this item is deprecated. Instead, use the ISO C and C++ conformant name: _getch. See online help for details.
  c:\program files (x86)\windows kits\10\include\10.0.17134.0\ucrt\conio.h(453): note: see declaration of 'getch'
h:\documents\ics3u1\culminating\culminating\main.c(202): warning C4996: 'getch': The POSIX name for this item is deprecated. Instead, use the ISO C and C++ conformant name: _getch. See online help for details.
  c:\program files (x86)\windows kits\10\include\10.0.17134.0\ucrt\conio.h(453): note: see declaration of 'getch'
h:\documents\ics3u1\culminating\culminating\main.c(212): warning C4996: 'getch': The POSIX name for this item is deprecated. Instead, use the ISO C and C++ conformant name: _getch. See online help for details.
  c:\program files (x86)\windows kits\10\include\10.0.17134.0\ucrt\conio.h(453): note: see declaration of 'getch'
h:\documents\ics3u1\culminating\culminating\main.c(233): warning C4013: 'time' undefined; assuming extern returning int
h:\documents\ics3u1\culminating\culminating\main.c(254): warning C4996: 'scanf': This function or variable may be unsafe. Consider using scanf_s instead. To disable deprecation, use _CRT_SECURE_NO_WARNINGS. See online help for details.
  c:\program files (x86)\windows kits\10\include\10.0.17134.0\ucrt\stdio.h(1274): note: see declaration of 'scanf'
h:\documents\ics3u1\culminating\culminating\main.c(259): warning C4477: 'scanf' : format string '%d' requires an argument of type 'int *', but variadic argument 1 has type 'int'
h:\documents\ics3u1\culminating\culminating\main.c(259): warning C4477: 'scanf' : format string '%d' requires an argument of type 'int *', but variadic argument 2 has type 'int'
h:\documents\ics3u1\culminating\culminating\main.c(259): warning C4996: 'scanf': This function or variable may be unsafe. Consider using scanf_s instead. To disable deprecation, use _CRT_SECURE_NO_WARNINGS. See online help for details.
  c:\program files (x86)\windows kits\10\include\10.0.17134.0\ucrt\stdio.h(1274): note: see declaration of 'scanf'
h:\documents\ics3u1\culminating\culminating\main.c(270): warning C4996: 'getch': The POSIX name for this item is deprecated. Instead, use the ISO C and C++ conformant name: _getch. See online help for details.
  c:\program files (x86)\windows kits\10\include\10.0.17134.0\ucrt\conio.h(453): note: see declaration of 'getch'
  Culminating.vcxproj -> H:\Documents\ICS3U1\Culminating\Debug\Culminating.exe
  Culminating.vcxproj -> H:\Documents\ICS3U1\Culminating\Debug\Culminating.pdb (Partial PDB)
